#! /c/Source/iverilog-install/bin/vvp
:ivl_version "12.0 (devel)" "(s20150603-1539-g2693dd32b)";
:ivl_delay_selection "TYPICAL";
:vpi_time_precision - 9;
:vpi_module "C:\iverilog\lib\ivl\system.vpi";
:vpi_module "C:\iverilog\lib\ivl\vhdl_sys.vpi";
:vpi_module "C:\iverilog\lib\ivl\vhdl_textio.vpi";
:vpi_module "C:\iverilog\lib\ivl\v2005_math.vpi";
:vpi_module "C:\iverilog\lib\ivl\va_math.vpi";
S_000002798781c9d0 .scope module, "sum1bcc_TB" "sum1bcc_TB" 2 4;
 .timescale -9 -9;
v00000279878b0830_0 .var "c", 0 0;
v00000279878b08d0_0 .net "out", 0 0, L_00000279878b0bf0;  1 drivers
v00000279878b0970_0 .var "x", 0 0;
v00000279878b0a10_0 .var "y", 0 0;
v00000279878b0ab0_0 .net "z", 0 0, L_00000279878b0b50;  1 drivers
S_000002798781c630 .scope begin, "TEST_CASE" "TEST_CASE" 2 30, 2 30 0, S_000002798781c9d0;
 .timescale -9 -9;
S_00000279878664b0 .scope module, "uut" "sum1bcc" 2 13, 3 1 0, S_000002798781c9d0;
 .timescale 0 0;
    .port_info 0 /INPUT 1 "A";
    .port_info 1 /INPUT 1 "B";
    .port_info 2 /INPUT 1 "Ci";
    .port_info 3 /OUTPUT 1 "Cout";
    .port_info 4 /OUTPUT 1 "S";
v000002798781a150_0 .net "A", 0 0, v00000279878b0970_0;  1 drivers
v0000027987833120_0 .net "B", 0 0, v00000279878b0a10_0;  1 drivers
v0000027987866640_0 .net "Ci", 0 0, v00000279878b0830_0;  1 drivers
v00000279878666e0_0 .net "Cout", 0 0, L_00000279878b0bf0;  alias, 1 drivers
v0000027987866780_0 .net "S", 0 0, L_00000279878b0b50;  alias, 1 drivers
v0000027987866820_0 .var "st", 1 0;
E_0000027987855670 .event anyedge, v000002798781a150_0, v0000027987833120_0, v0000027987866640_0;
L_00000279878b0b50 .part v0000027987866820_0, 0, 1;
L_00000279878b0bf0 .part v0000027987866820_0, 1, 1;
    .scope S_00000279878664b0;
T_0 ;
    %wait E_0000027987855670;
    %load/vec4 v000002798781a150_0;
    %pad/u 2;
    %load/vec4 v0000027987833120_0;
    %pad/u 2;
    %add;
    %load/vec4 v0000027987866640_0;
    %pad/u 2;
    %add;
    %store/vec4 v0000027987866820_0, 0, 2;
    %jmp T_0;
    .thread T_0, $push;
    .scope S_000002798781c9d0;
T_1 ;
    %pushi/vec4 0, 0, 1;
    %store/vec4 v00000279878b0970_0, 0, 1;
    %pushi/vec4 0, 0, 1;
    %store/vec4 v00000279878b0a10_0, 0, 1;
    %pushi/vec4 0, 0, 1;
    %store/vec4 v00000279878b0830_0, 0, 1;
    %delay 3, 0;
    %pushi/vec4 0, 0, 1;
    %store/vec4 v00000279878b0970_0, 0, 1;
    %pushi/vec4 0, 0, 1;
    %store/vec4 v00000279878b0a10_0, 0, 1;
    %pushi/vec4 1, 0, 1;
    %store/vec4 v00000279878b0830_0, 0, 1;
    %delay 3, 0;
    %pushi/vec4 0, 0, 1;
    %store/vec4 v00000279878b0970_0, 0, 1;
    %pushi/vec4 1, 0, 1;
    %store/vec4 v00000279878b0a10_0, 0, 1;
    %pushi/vec4 0, 0, 1;
    %store/vec4 v00000279878b0830_0, 0, 1;
    %delay 3, 0;
    %pushi/vec4 0, 0, 1;
    %store/vec4 v00000279878b0970_0, 0, 1;
    %pushi/vec4 1, 0, 1;
    %store/vec4 v00000279878b0a10_0, 0, 1;
    %pushi/vec4 1, 0, 1;
    %store/vec4 v00000279878b0830_0, 0, 1;
    %delay 3, 0;
    %pushi/vec4 1, 0, 1;
    %store/vec4 v00000279878b0970_0, 0, 1;
    %pushi/vec4 0, 0, 1;
    %store/vec4 v00000279878b0a10_0, 0, 1;
    %pushi/vec4 0, 0, 1;
    %store/vec4 v00000279878b0830_0, 0, 1;
    %delay 3, 0;
    %pushi/vec4 1, 0, 1;
    %store/vec4 v00000279878b0970_0, 0, 1;
    %pushi/vec4 0, 0, 1;
    %store/vec4 v00000279878b0a10_0, 0, 1;
    %pushi/vec4 1, 0, 1;
    %store/vec4 v00000279878b0830_0, 0, 1;
    %delay 3, 0;
    %pushi/vec4 1, 0, 1;
    %store/vec4 v00000279878b0970_0, 0, 1;
    %pushi/vec4 1, 0, 1;
    %store/vec4 v00000279878b0a10_0, 0, 1;
    %pushi/vec4 0, 0, 1;
    %store/vec4 v00000279878b0830_0, 0, 1;
    %delay 3, 0;
    %pushi/vec4 1, 0, 1;
    %store/vec4 v00000279878b0970_0, 0, 1;
    %pushi/vec4 1, 0, 1;
    %store/vec4 v00000279878b0a10_0, 0, 1;
    %pushi/vec4 1, 0, 1;
    %store/vec4 v00000279878b0830_0, 0, 1;
    %delay 3, 0;
    %end;
    .thread T_1;
    .scope S_000002798781c9d0;
T_2 ;
    %fork t_1, S_000002798781c630;
    %jmp t_0;
    .scope S_000002798781c630;
t_1 ;
    %vpi_call 2 31 "$dumpfile", "sum1bcc_TB.vcd" {0 0 0};
    %vpi_call 2 32 "$dumpvars", 32'sb11111111111111111111111111111111, S_00000279878664b0 {0 0 0};
    %delay 200, 0;
    %vpi_call 2 33 "$finish" {0 0 0};
    %end;
    .scope S_000002798781c9d0;
t_0 %join;
    %end;
    .thread T_2;
# The file index is used to find the file name in the following table.
:file_names 4;
    "N/A";
    "<interactive>";
    "sum1bcc_TB.v";
    "./sum1bcc.v";
