#! /c/Source/iverilog-install/bin/vvp
:ivl_version "12.0 (devel)" "(s20150603-1539-g2693dd32b)";
:ivl_delay_selection "TYPICAL";
:vpi_time_precision - 9;
:vpi_module "C:\iverilog\lib\ivl\system.vpi";
:vpi_module "C:\iverilog\lib\ivl\vhdl_sys.vpi";
:vpi_module "C:\iverilog\lib\ivl\vhdl_textio.vpi";
:vpi_module "C:\iverilog\lib\ivl\v2005_math.vpi";
:vpi_module "C:\iverilog\lib\ivl\va_math.vpi";
S_000001311cb6d580 .scope module, "sum1bcc_TB" "sum1bcc_TB" 2 4;
 .timescale -9 -9;
v000001311cde1850_0 .var "c", 0 0;
v000001311cde18f0_0 .net "out", 0 0, L_000001311cde1c10;  1 drivers
v000001311cde1990_0 .var "x", 0 0;
v000001311cde1a30_0 .var "y", 0 0;
v000001311cde1ad0_0 .net "z", 0 0, L_000001311cde1b70;  1 drivers
S_000001311cb6d1e0 .scope begin, "TEST_CASE" "TEST_CASE" 2 30, 2 30 0, S_000001311cb6d580;
 .timescale -9 -9;
S_000001311cd95260 .scope module, "uut" "sum1bcc" 2 13, 3 1 0, S_000001311cb6d580;
 .timescale 0 0;
    .port_info 0 /INPUT 1 "A";
    .port_info 1 /INPUT 1 "B";
    .port_info 2 /INPUT 1 "Ci";
    .port_info 3 /OUTPUT 1 "Cout";
    .port_info 4 /OUTPUT 1 "S";
v000001311cb6ad00_0 .net "A", 0 0, v000001311cde1990_0;  1 drivers
v000001311cd62dc0_0 .net "B", 0 0, v000001311cde1a30_0;  1 drivers
v000001311cd953f0_0 .net "Ci", 0 0, v000001311cde1850_0;  1 drivers
v000001311cd95490_0 .net "Cout", 0 0, L_000001311cde1c10;  alias, 1 drivers
v000001311cd95530_0 .net "S", 0 0, L_000001311cde1b70;  alias, 1 drivers
v000001311cd955d0_0 .var "st", 1 0;
E_000001311cd85110 .event anyedge, v000001311cb6ad00_0, v000001311cd62dc0_0, v000001311cd953f0_0;
L_000001311cde1b70 .part v000001311cd955d0_0, 0, 1;
L_000001311cde1c10 .part v000001311cd955d0_0, 1, 1;
    .scope S_000001311cd95260;
T_0 ;
    %wait E_000001311cd85110;
    %load/vec4 v000001311cb6ad00_0;
    %pad/u 2;
    %load/vec4 v000001311cd62dc0_0;
    %pad/u 2;
    %add;
    %load/vec4 v000001311cd953f0_0;
    %pad/u 2;
    %add;
    %store/vec4 v000001311cd955d0_0, 0, 2;
    %jmp T_0;
    .thread T_0, $push;
    .scope S_000001311cb6d580;
T_1 ;
    %pushi/vec4 0, 0, 1;
    %store/vec4 v000001311cde1990_0, 0, 1;
    %pushi/vec4 0, 0, 1;
    %store/vec4 v000001311cde1a30_0, 0, 1;
    %pushi/vec4 0, 0, 1;
    %store/vec4 v000001311cde1850_0, 0, 1;
    %delay 3, 0;
    %pushi/vec4 0, 0, 1;
    %store/vec4 v000001311cde1990_0, 0, 1;
    %pushi/vec4 0, 0, 1;
    %store/vec4 v000001311cde1a30_0, 0, 1;
    %pushi/vec4 1, 0, 1;
    %store/vec4 v000001311cde1850_0, 0, 1;
    %delay 3, 0;
    %pushi/vec4 0, 0, 1;
    %store/vec4 v000001311cde1990_0, 0, 1;
    %pushi/vec4 1, 0, 1;
    %store/vec4 v000001311cde1a30_0, 0, 1;
    %pushi/vec4 0, 0, 1;
    %store/vec4 v000001311cde1850_0, 0, 1;
    %delay 3, 0;
    %pushi/vec4 0, 0, 1;
    %store/vec4 v000001311cde1990_0, 0, 1;
    %pushi/vec4 1, 0, 1;
    %store/vec4 v000001311cde1a30_0, 0, 1;
    %pushi/vec4 1, 0, 1;
    %store/vec4 v000001311cde1850_0, 0, 1;
    %delay 3, 0;
    %pushi/vec4 1, 0, 1;
    %store/vec4 v000001311cde1990_0, 0, 1;
    %pushi/vec4 0, 0, 1;
    %store/vec4 v000001311cde1a30_0, 0, 1;
    %pushi/vec4 0, 0, 1;
    %store/vec4 v000001311cde1850_0, 0, 1;
    %delay 3, 0;
    %pushi/vec4 1, 0, 1;
    %store/vec4 v000001311cde1990_0, 0, 1;
    %pushi/vec4 0, 0, 1;
    %store/vec4 v000001311cde1a30_0, 0, 1;
    %pushi/vec4 1, 0, 1;
    %store/vec4 v000001311cde1850_0, 0, 1;
    %delay 3, 0;
    %pushi/vec4 1, 0, 1;
    %store/vec4 v000001311cde1990_0, 0, 1;
    %pushi/vec4 1, 0, 1;
    %store/vec4 v000001311cde1a30_0, 0, 1;
    %pushi/vec4 0, 0, 1;
    %store/vec4 v000001311cde1850_0, 0, 1;
    %delay 3, 0;
    %pushi/vec4 1, 0, 1;
    %store/vec4 v000001311cde1990_0, 0, 1;
    %pushi/vec4 1, 0, 1;
    %store/vec4 v000001311cde1a30_0, 0, 1;
    %pushi/vec4 1, 0, 1;
    %store/vec4 v000001311cde1850_0, 0, 1;
    %delay 3, 0;
    %end;
    .thread T_1;
    .scope S_000001311cb6d580;
T_2 ;
    %fork t_1, S_000001311cb6d1e0;
    %jmp t_0;
    .scope S_000001311cb6d1e0;
t_1 ;
    %vpi_call 2 31 "$dumpfile", "sum1bcc_TB.vcd" {0 0 0};
    %vpi_call 2 32 "$dumpvars", 32'sb11111111111111111111111111111111, S_000001311cd95260 {0 0 0};
    %delay 200, 0;
    %vpi_call 2 33 "$finish" {0 0 0};
    %end;
    .scope S_000001311cb6d580;
t_0 %join;
    %end;
    .thread T_2;
# The file index is used to find the file name in the following table.
:file_names 4;
    "N/A";
    "<interactive>";
    "sum1bcc_TB.v";
    "./sum1bcc.v";
